<?xml version="1.0" encoding="UTF-8"?>
<!-- Generated by org.testng.reporters.JUnitReportReporter -->
<testsuite hostname="DESKTOP-E7RH1QJ" failures="0" tests="1" name="com.redbus.testpages.HomePageTest" time="9.666" errors="0" timestamp="2023-10-12T15:31:06 IST" skipped="0">
  <testcase classname="com.redbus.testpages.HomePageTest" name="Home_Page_Test" time="9.666"/>
  <system-out/>
</testsuite> <!-- com.redbus.testpages.HomePageTest -->
